<?xml version="1.0" encoding="UTF-8"?>
<!-- Generated by org.testng.reporters.JUnitReportReporter -->
<testsuite skipped="0" hostname="LAPTOP-3MPN7VBH" name="maven.Test3" tests="3" failures="0" timestamp="2021-03-13T10:41:19 IST" time="0.005" errors="0">
  <testcase name="tc111" time="0.002" classname="maven.Test3"/>
  <system-out/>
  <testcase name="tc222" time="0.002" classname="maven.Test3"/>
  <system-out/>
  <testcase name="tc333" time="0.001" classname="maven.Test3"/>
  <system-out/>
</testsuite> <!-- maven.Test3 -->
