<?xml version="1.0" encoding="UTF-8"?>
<!-- Generated by org.testng.reporters.JUnitReportReporter -->
<testsuite skipped="0" hostname="LAPTOP-3MPN7VBH" name="maven.DataProviderTestNg" tests="4" failures="0" timestamp="2021-03-13T16:29:00 IST" time="53.000" errors="0">
  <testcase name="tc2" time="3.383" classname="maven.DataProviderTestNg"/>
  <system-out/>
  <testcase name="tc1" time="2.337" classname="maven.DataProviderTestNg"/>
  <system-out/>
  <testcase name="tc2" time="22.031" classname="maven.DataProviderTestNg"/>
  <system-out/>
  <testcase name="tc2" time="25.249" classname="maven.DataProviderTestNg"/>
  <system-out/>
</testsuite> <!-- maven.DataProviderTestNg -->
