<?xml version="1.0" encoding="UTF-8"?>
<!-- Generated by org.testng.reporters.JUnitReportReporter -->
<testsuite skipped="0" hostname="LAPTOP-3MPN7VBH" name="maven.Group2" tests="1" failures="0" timestamp="2021-03-14T11:46:17 IST" time="0.007" errors="0">
  <testcase name="tc11" time="0.007" classname="maven.Group2"/>
  <system-out/>
</testsuite> <!-- maven.Group2 -->
