<?xml version="1.0" encoding="UTF-8"?>
<!-- Generated by org.testng.reporters.JUnitReportReporter -->
<testsuite skipped="0" hostname="LAPTOP-3MPN7VBH" name="maven.Test1" tests="1" failures="0" timestamp="2021-03-13T13:07:25 IST" time="8.688" errors="0">
  <testcase name="tc1" time="8.688" classname="maven.Test1"/>
  <system-out/>
</testsuite> <!-- maven.Test1 -->
