<?xml version="1.0" encoding="UTF-8"?>
<!-- Generated by org.testng.reporters.JUnitReportReporter -->
<testsuite skipped="0" hostname="LAPTOP-3MPN7VBH" name="maven.Test2" tests="3" failures="0" timestamp="2021-03-13T10:41:19 IST" time="0.003" errors="0">
  <testcase name="tc11" time="0.001" classname="maven.Test2"/>
  <system-out/>
  <testcase name="tc22" time="0.001" classname="maven.Test2"/>
  <system-out/>
  <testcase name="tc33" time="0.001" classname="maven.Test2"/>
  <system-out/>
</testsuite> <!-- maven.Test2 -->
