<?xml version="1.0" encoding="UTF-8"?>
<!-- Generated by org.testng.reporters.JUnitReportReporter -->
<testsuite skipped="0" hostname="LAPTOP-3MPN7VBH" name="maven.TestNg" tests="3" failures="0" timestamp="2021-03-11T16:28:49 IST" time="0.000" errors="0">
  <testcase name="tc3" time="0.000" classname="maven.TestNg"/>
  <system-out/>
  <testcase name="tc1" time="0.000" classname="maven.TestNg"/>
  <system-out/>
  <testcase name="tc2" time="0.000" classname="maven.TestNg"/>
  <system-out/>
</testsuite> <!-- maven.TestNg -->
